
added 449 packages, and audited 1335 packages in 1m

195 packages are looking for funding
  run `npm fund` for details

8 vulnerabilities (1 low, 6 moderate, 1 critical)

To address all issues possible (including breaking changes), run:
  npm audit fix --force

Some issues need review, and may require choosing
a different dependency.

Run `npm audit` for details.
âœ… All dependencies installed
ğŸ”¨ Building application...

> rest-express@1.0.0 build
> vite build && esbuild server/index.ts --platform=node --packages=external --bundle --format=esm --outdir=dist

[36mvite v5.4.19 [32mbuilding for production...[36m[39m
transforming...
node.exe : Browserslist: browsers data (caniuse-lite) is 10 months old. Please run:
At line:1 char:1
+ & "C:\Program Files\nodejs/node.exe" "C:\Program Files\nodejs/node_mo ...
+ ~~~~~~~~~~~~~~~~~~~~~~~~~~~~~~~~~~~~~~~~~~~~~~~~~~~~~~~~~~~~~~~~~~~~~
    + CategoryInfo          : NotSpecified: (Browserslist: b...ld. Please run::String) [], RemoteException
    + FullyQualifiedErrorId : NativeCommandError
 
  npx update-browserslist-db@latest
  Why you should do it regularly: https://github.com/browserslist/update-db#readme
[32mÃ¢Å“â€œ[39m 2188 modules transformed.
rendering chunks...
computing gzip size...
[2m../dist/public/[22m[32mindex.html                 [39m[1m[2m  0.86 kB[22m[1m[22m[2m Ã¢â€â€š gzip:   0.44 kB[22m
[2m../dist/public/[22m[35massets/index-TxekZ2R9.css  [39m[1m[2m 70.40 kB[22m[1m[22m[2m Ã¢â€â€š gzip:  12.52 kB[22m
[2m../dist/public/[22m[36massets/index-3ykus8Y9.js   [39m[1m[33m711.01 kB[39m[22m[2m Ã¢â€â€š gzip: 201.77 kB[22m
[33m
(!) Some chunks are larger than 500 kB after minification. Consider:
- Using dynamic import() to code-split the application
- Use build.rollupOptions.output.manualChunks to improve chunking: https://rollupjs.org/configuration-options/#output-manualchunks
- Adjust chunk size limit for this warning via build.chunkSizeWarningLimit.[39m
[32mÃ¢Å“â€œ built in 8.94s[39m
  dist\index.js  134.4kb
Done in 34ms
ğŸ“‹ Copying FMB configuration files...
node_modules/tedious/lib/connection.d.ts(755,29): error TS2304: Cannot find name 'AggregateError'.
node_modules/tedious/lib/errors.d.ts(4,59): error TS2304: Cannot find name 'ErrorOptions'.
node_modules/tedious/lib/errors.d.ts(14,59): error TS2304: Cannot find name 'ErrorOptions'.
node_modules/drizzle-orm/mysql-core/db.d.ts(1,38): error TS2307: Cannot find module 'mysql2/promise' or its corresponding type declarations.
node_modules/drizzle-orm/mysql-core/query-builders/delete.d.ts(36,22): error TS2420: Class 'MySqlDeleteBase<TTable, TQueryResult, TPreparedQueryHKT, TDynamic, TExcludedMethods>' incorrectly implements inte
rface 'SQLWrapper'.
  Property 'getSQL' is missing in type 'MySqlDeleteBase<TTable, TQueryResult, TPreparedQueryHKT, TDynamic, TExcludedMethods>' but required in type 'SQLWrapper'.
node_modules/drizzle-orm/mysql-core/query-builders/select.d.ts(249,244): error TS2344: Type 'string' does not satisfy the constraint 'keyof this & string'.
  Type 'string' is not assignable to type 'keyof this & string'.
    Type 'string' is not assignable to type 'keyof this'.
      Type '"session"' is not assignable to type '"offset" | "_" | "getSQL" | "as" | "union" | "intersect" | "except" | "where" | "orderBy" | "limit" | "toSQL" | "$dynamic" | "having" | "groupBy" | "leftJo
in" | "rightJoin" | "innerJoin" | ... 4 more ... | "exceptAll"'.
node_modules/drizzle-orm/mysql-core/query-builders/select.d.ts(275,247): error TS2344: Type 'string' does not satisfy the constraint 'keyof this & string'.
  Type 'string' is not assignable to type 'keyof this & string'.
    Type 'string' is not assignable to type 'keyof this'.
      Type '"session"' is not assignable to type '"offset" | "_" | "getSQL" | "as" | "union" | "intersect" | "except" | "where" | "orderBy" | "limit" | "toSQL" | "$dynamic" | "having" | "groupBy" | "leftJo
in" | "rightJoin" | "innerJoin" | ... 4 more ... | "exceptAll"'.
node_modules/drizzle-orm/mysql-core/query-builders/select.d.ts(301,248): error TS2344: Type 'string' does not satisfy the constraint 'keyof this & string'.
  Type 'string' is not assignable to type 'keyof this & string'.
    Type 'string' is not assignable to type 'keyof this'.
      Type '"session"' is not assignable to type '"offset" | "_" | "getSQL" | "as" | "union" | "intersect" | "except" | "where" | "orderBy" | "limit" | "toSQL" | "$dynamic" | "having" | "groupBy" | "leftJo
in" | "rightJoin" | "innerJoin" | ... 4 more ... | "exceptAll"'.
node_modules/drizzle-orm/mysql-core/query-builders/select.d.ts(342,251): error TS2344: Type 'string' does not satisfy the constraint 'keyof this & string'.
  Type 'string' is not assignable to type 'keyof this & string'.
    Type 'string' is not assignable to type 'keyof this'.
      Type '"session"' is not assignable to type '"offset" | "_" | "getSQL" | "as" | "union" | "intersect" | "except" | "where" | "orderBy" | "limit" | "toSQL" | "$dynamic" | "having" | "groupBy" | "leftJo
in" | "rightJoin" | "innerJoin" | ... 4 more ... | "exceptAll"'.
node_modules/drizzle-orm/mysql-core/query-builders/select.d.ts(368,245): error TS2344: Type 'string' does not satisfy the constraint 'keyof this & string'.
  Type 'string' is not assignable to type 'keyof this & string'.
    Type 'string' is not assignable to type 'keyof this'.
      Type '"session"' is not assignable to type '"offset" | "_" | "getSQL" | "as" | "union" | "intersect" | "except" | "where" | "orderBy" | "limit" | "toSQL" | "$dynamic" | "having" | "groupBy" | "leftJo
in" | "rightJoin" | "innerJoin" | ... 4 more ... | "exceptAll"'.
node_modules/drizzle-orm/mysql-core/query-builders/select.d.ts(409,248): error TS2344: Type 'string' does not satisfy the constraint 'keyof this & string'.
  Type 'string' is not assignable to type 'keyof this & string'.
    Type 'string' is not assignable to type 'keyof this'.
      Type '"session"' is not assignable to type '"offset" | "_" | "getSQL" | "as" | "union" | "intersect" | "except" | "where" | "orderBy" | "limit" | "toSQL" | "$dynamic" | "having" | "groupBy" | "leftJo
in" | "rightJoin" | "innerJoin" | ... 4 more ... | "exceptAll"'.
node_modules/drizzle-orm/mysql-core/query-builders/select.d.ts(561,22): error TS2515: Non-abstract class 'MySqlSelectBase<TTableName, TSelection, TSelectMode, TPreparedQueryHKT, TNullabilityMap, TDynamic, 
TExcludedMethods, TResult, TSelectedFields>' does not implement inherited abstract member getSQL from class 'MySqlSelectQueryBuilderBase<MySqlSelectHKT, TTableName, TSelection, TSelectMode, TPreparedQueryH
KT, TNullabilityMap, TDynamic, TExcludedMethods, TResult, TSelectedFields>'.
node_modules/drizzle-orm/mysql-core/query-builders/select.types.d.ts(136,1149): error TS2344: Type 'MySqlSetOperatorExcludedMethods' does not satisfy the constraint '"offset" | "_" | "getSQL" | "as" | "uni
on" | "intersect" | "except" | "where" | "orderBy" | "limit" | "toSQL" | "prepare" | "execute" | "iterator" | "$dynamic" | "catch" | "finally" | ... 10 more ... | "exceptAll"'.
  Type '"session"' is not assignable to type '"offset" | "_" | "getSQL" | "as" | "union" | "intersect" | "except" | "where" | "orderBy" | "limit" | "toSQL" | "prepare" | "execute" | "iterator" | "$dynamic"
 | "catch" | "finally" | ... 10 more ... | "exceptAll"'.
node_modules/drizzle-orm/pg-core/query-builders/query.d.ts(23,22): error TS2420: Class 'PgRelationalQuery<TResult>' incorrectly implements interface 'SQLWrapper'.
  Property 'getSQL' is missing in type 'PgRelationalQuery<TResult>' but required in type 'SQLWrapper'.
node_modules/drizzle-orm/pg-core/roles.d.ts(7,22): error TS2559: Type 'PgRole' has no properties in common with type 'PgRoleConfig'.
node_modules/drizzle-orm/singlestore-core/columns/bigint.d.ts(13,22): error TS2515: Non-abstract class 'SingleStoreBigInt53Builder<T>' does not implement inherited abstract member generatedAlwaysAs from cl
ass 'SingleStoreColumnBuilderWithAutoIncrement<T, { unsigned: boolean; }, ColumnBuilderExtraConfig>'.
node_modules/drizzle-orm/singlestore-core/columns/bigint.d.ts(35,22): error TS2515: Non-abstract class 'SingleStoreBigInt64Builder<T>' does not implement inherited abstract member generatedAlwaysAs from cl
ass 'SingleStoreColumnBuilderWithAutoIncrement<T, { unsigned: boolean; }, ColumnBuilderExtraConfig>'.
node_modules/drizzle-orm/singlestore-core/columns/binary.d.ts(14,22): error TS2515: Non-abstract class 'SingleStoreBinaryBuilder<T>' does not implement inherited abstract member generatedAlwaysAs from clas
s 'SingleStoreColumnBuilder<T, SingleStoreBinaryConfig, object, ColumnBuilderExtraConfig>'.
node_modules/drizzle-orm/singlestore-core/columns/boolean.d.ts(14,22): error TS2515: Non-abstract class 'SingleStoreBooleanBuilder<T>' does not implement inherited abstract member generatedAlwaysAs from cl
ass 'SingleStoreColumnBuilder<T, object, object, ColumnBuilderExtraConfig>'.
node_modules/drizzle-orm/singlestore-core/columns/char.d.ts(16,22): error TS2515: Non-abstract class 'SingleStoreCharBuilder<T>' does not implement inherited abstract member generatedAlwaysAs from class 'S
ingleStoreColumnBuilder<T, SingleStoreCharConfig<T["enumValues"], T["length"]>, { length: T["length"]; }, ColumnBuilderExtraConfig>'.
node_modules/drizzle-orm/singlestore-core/columns/custom.d.ts(24,22): error TS2515: Non-abstract class 'SingleStoreCustomColumnBuilder<T>' does not implement inherited abstract member generatedAlwaysAs fro
m class 'SingleStoreColumnBuilder<T, { fieldConfig: Record<string, any>; customTypeParams: CustomTypeParams<any>; }, { singlestoreColumnBuilderBrand: "SingleStoreCustomColumnBuilderBrand"; }, ColumnBuilder
ExtraConfig>'.
node_modules/drizzle-orm/singlestore-core/columns/date.d.ts(16,22): error TS2515: Non-abstract class 'SingleStoreDateBuilder<T>' does not implement inherited abstract member generatedAlwaysAs from class 'S
ingleStoreColumnBuilder<T, object, object, ColumnBuilderExtraConfig>'.
node_modules/drizzle-orm/singlestore-core/columns/date.d.ts(37,22): error TS2515: Non-abstract class 'SingleStoreDateStringBuilder<T>' does not implement inherited abstract member generatedAlwaysAs from cl
ass 'SingleStoreColumnBuilder<T, object, object, ColumnBuilderExtraConfig>'.
node_modules/drizzle-orm/singlestore-core/columns/datetime.d.ts(16,22): error TS2515: Non-abstract class 'SingleStoreDateTimeBuilder<T>' does not implement inherited abstract member generatedAlwaysAs from 
class 'SingleStoreColumnBuilder<T, SingleStoreDatetimeConfig<"string" | "date">, object, ColumnBuilderExtraConfig>'.
node_modules/drizzle-orm/singlestore-core/columns/datetime.d.ts(38,22): error TS2515: Non-abstract class 'SingleStoreDateTimeStringBuilder<T>' does not implement inherited abstract member generatedAlwaysAs
 from class 'SingleStoreColumnBuilder<T, SingleStoreDatetimeConfig<"string" | "date">, object, ColumnBuilderExtraConfig>'.
node_modules/drizzle-orm/singlestore-core/columns/decimal.d.ts(14,22): error TS2515: Non-abstract class 'SingleStoreDecimalBuilder<T>' does not implement inherited abstract member generatedAlwaysAs from cl
ass 'SingleStoreColumnBuilderWithAutoIncrement<T, SingleStoreDecimalConfig, ColumnBuilderExtraConfig>'.
node_modules/drizzle-orm/singlestore-core/columns/double.d.ts(14,22): error TS2515: Non-abstract class 'SingleStoreDoubleBuilder<T>' does not implement inherited abstract member generatedAlwaysAs from clas
s 'SingleStoreColumnBuilderWithAutoIncrement<T, SingleStoreDoubleConfig, ColumnBuilderExtraConfig>'.
node_modules/drizzle-orm/singlestore-core/columns/enum.d.ts(19,5): error TS2416: Property 'generatedAlwaysAs' in type 'SingleStoreEnumColumnBuilder<T>' is not assignable to the same property in base type '
SingleStoreColumnBuilder<T, { enumValues: T["enumValues"]; }, object, ColumnBuilderExtraConfig>'.
  Type '(as: SQL<unknown> | (() => SQL<unknown>) | T["data"], config?: Partial<GeneratedColumnConfig<unknown>>) => HasGenerated<this, {}>' is not assignable to type '(as: SQL<unknown> | (() => SQL<unknown>
) | T["data"], config?: Partial<GeneratedColumnConfig<unknown>>) => HasGenerated<this, { type: "always"; }>'.
    Type 'HasGenerated<this, {}>' is not assignable to type 'HasGenerated<this, { type: "always"; }>'.
      Type 'HasGenerated<this, {}>' is not assignable to type '{ _: { hasDefault: true; generated: { type: "always"; }; }; }'.
        The types of '_.generated' are incompatible between these types.
          Property 'type' is missing in type '{}' but required in type '{ type: "always"; }'.
node_modules/drizzle-orm/singlestore-core/columns/float.d.ts(14,22): error TS2515: Non-abstract class 'SingleStoreFloatBuilder<T>' does not implement inherited abstract member generatedAlwaysAs from class 
'SingleStoreColumnBuilderWithAutoIncrement<T, SingleStoreFloatConfig, ColumnBuilderExtraConfig>'.
node_modules/drizzle-orm/singlestore-core/columns/int.d.ts(14,22): error TS2515: Non-abstract class 'SingleStoreIntBuilder<T>' does not implement inherited abstract member generatedAlwaysAs from class 'Sin
gleStoreColumnBuilderWithAutoIncrement<T, SingleStoreIntConfig, ColumnBuilderExtraConfig>'.
node_modules/drizzle-orm/singlestore-core/columns/json.d.ts(14,22): error TS2515: Non-abstract class 'SingleStoreJsonBuilder<T>' does not implement inherited abstract member generatedAlwaysAs from class 'S
ingleStoreColumnBuilder<T, object, object, ColumnBuilderExtraConfig>'.
node_modules/drizzle-orm/singlestore-core/columns/mediumint.d.ts(15,22): error TS2515: Non-abstract class 'SingleStoreMediumIntBuilder<T>' does not implement inherited abstract member generatedAlwaysAs fro
m class 'SingleStoreColumnBuilderWithAutoIncrement<T, SingleStoreIntConfig, ColumnBuilderExtraConfig>'.
node_modules/drizzle-orm/singlestore-core/columns/real.d.ts(14,22): error TS2515: Non-abstract class 'SingleStoreRealBuilder<T>' does not implement inherited abstract member generatedAlwaysAs from class 'S
ingleStoreColumnBuilderWithAutoIncrement<T, SingleStoreRealConfig, ColumnBuilderExtraConfig>'.
node_modules/drizzle-orm/singlestore-core/columns/serial.d.ts(14,22): error TS2515: Non-abstract class 'SingleStoreSerialBuilder<T>' does not implement inherited abstract member generatedAlwaysAs from clas
s 'SingleStoreColumnBuilderWithAutoIncrement<T, object, ColumnBuilderExtraConfig>'.
node_modules/drizzle-orm/singlestore-core/columns/smallint.d.ts(15,22): error TS2515: Non-abstract class 'SingleStoreSmallIntBuilder<T>' does not implement inherited abstract member generatedAlwaysAs from 
class 'SingleStoreColumnBuilderWithAutoIncrement<T, SingleStoreIntConfig, ColumnBuilderExtraConfig>'.
node_modules/drizzle-orm/singlestore-core/columns/text.d.ts(16,22): error TS2515: Non-abstract class 'SingleStoreTextBuilder<T>' does not implement inherited abstract member generatedAlwaysAs from class 'S
ingleStoreColumnBuilder<T, { textType: SingleStoreTextColumnType; enumValues: T["enumValues"]; }, object, ColumnBuilderExtraConfig>'.
node_modules/drizzle-orm/singlestore-core/columns/time.d.ts(14,22): error TS2515: Non-abstract class 'SingleStoreTimeBuilder<T>' does not implement inherited abstract member generatedAlwaysAs from class 'S
ingleStoreColumnBuilder<T, object, object, ColumnBuilderExtraConfig>'.
node_modules/drizzle-orm/singlestore-core/columns/timestamp.d.ts(15,22): error TS2515: Non-abstract class 'SingleStoreTimestampBuilder<T>' does not implement inherited abstract member generatedAlwaysAs fro
m class 'SingleStoreDateColumnBaseBuilder<T, SingleStoreTimestampConfig<"string" | "date">, ColumnBuilderExtraConfig>'.
node_modules/drizzle-orm/singlestore-core/columns/timestamp.d.ts(35,22): error TS2515: Non-abstract class 'SingleStoreTimestampStringBuilder<T>' does not implement inherited abstract member generatedAlways
As from class 'SingleStoreDateColumnBaseBuilder<T, SingleStoreTimestampConfig<"string" | "date">, ColumnBuilderExtraConfig>'.
node_modules/drizzle-orm/singlestore-core/columns/tinyint.d.ts(15,22): error TS2515: Non-abstract class 'SingleStoreTinyIntBuilder<T>' does not implement inherited abstract member generatedAlwaysAs from cl
ass 'SingleStoreColumnBuilderWithAutoIncrement<T, SingleStoreIntConfig, ColumnBuilderExtraConfig>'.
node_modules/drizzle-orm/singlestore-core/columns/varbinary.d.ts(14,22): error TS2515: Non-abstract class 'SingleStoreVarBinaryBuilder<T>' does not implement inherited abstract member generatedAlwaysAs fro
m class 'SingleStoreColumnBuilder<T, SingleStoreVarbinaryOptions, object, ColumnBuilderExtraConfig>'.
node_modules/drizzle-orm/singlestore-core/columns/varchar.d.ts(16,22): error TS2515: Non-abstract class 'SingleStoreVarCharBuilder<T>' does not implement inherited abstract member generatedAlwaysAs from cl
ass 'SingleStoreColumnBuilder<T, SingleStoreVarCharConfig<T["enumValues"], T["length"]>, { length: T["length"]; }, ColumnBuilderExtraConfig>'.
node_modules/drizzle-orm/singlestore-core/columns/vector.d.ts(13,22): error TS2515: Non-abstract class 'SingleStoreVectorBuilder<T>' does not implement inherited abstract member generatedAlwaysAs from clas
s 'SingleStoreColumnBuilder<T, SingleStoreVectorConfig, object, ColumnBuilderExtraConfig>'.
node_modules/drizzle-orm/singlestore-core/columns/year.d.ts(14,22): error TS2515: Non-abstract class 'SingleStoreYearBuilder<T>' does not implement inherited abstract member generatedAlwaysAs from class 'S
ingleStoreColumnBuilder<T, object, object, ColumnBuilderExtraConfig>'.
node_modules/drizzle-orm/singlestore-core/db.d.ts(1,38): error TS2307: Cannot find module 'mysql2/promise' or its corresponding type declarations.
node_modules/drizzle-orm/singlestore-core/query-builders/delete.d.ts(36,22): error TS2420: Class 'SingleStoreDeleteBase<TTable, TQueryResult, TPreparedQueryHKT, TDynamic, TExcludedMethods>' incorrectly imp
lements interface 'SQLWrapper'.
  Property 'getSQL' is missing in type 'SingleStoreDeleteBase<TTable, TQueryResult, TPreparedQueryHKT, TDynamic, TExcludedMethods>' but required in type 'SQLWrapper'.
node_modules/drizzle-orm/singlestore-core/query-builders/select.d.ts(199,262): error TS2344: Type 'string' does not satisfy the constraint 'keyof this & string'.
  Type 'string' is not assignable to type 'keyof this & string'.
    Type 'string' is not assignable to type 'keyof this'.
      Type '"session"' is not assignable to type '"offset" | "_" | "getSQL" | "as" | "union" | "intersect" | "except" | "where" | "orderBy" | "limit" | "toSQL" | "$dynamic" | "having" | "groupBy" | "leftJo
in" | "rightJoin" | "innerJoin" | "fullJoin" | "for" | "unionAll" | "minus"'.
node_modules/drizzle-orm/singlestore-core/query-builders/select.d.ts(225,265): error TS2344: Type 'string' does not satisfy the constraint 'keyof this & string'.
  Type 'string' is not assignable to type 'keyof this & string'.
    Type 'string' is not assignable to type 'keyof this'.
      Type '"session"' is not assignable to type '"offset" | "_" | "getSQL" | "as" | "union" | "intersect" | "except" | "where" | "orderBy" | "limit" | "toSQL" | "$dynamic" | "having" | "groupBy" | "leftJo
in" | "rightJoin" | "innerJoin" | "fullJoin" | "for" | "unionAll" | "minus"'.
node_modules/drizzle-orm/singlestore-core/query-builders/select.d.ts(251,266): error TS2344: Type 'string' does not satisfy the constraint 'keyof this & string'.
  Type 'string' is not assignable to type 'keyof this & string'.
    Type 'string' is not assignable to type 'keyof this'.
      Type '"session"' is not assignable to type '"offset" | "_" | "getSQL" | "as" | "union" | "intersect" | "except" | "where" | "orderBy" | "limit" | "toSQL" | "$dynamic" | "having" | "groupBy" | "leftJo
in" | "rightJoin" | "innerJoin" | "fullJoin" | "for" | "unionAll" | "minus"'.
node_modules/drizzle-orm/singlestore-core/query-builders/select.d.ts(277,263): error TS2344: Type 'string' does not satisfy the constraint 'keyof this & string'.
  Type 'string' is not assignable to type 'keyof this & string'.
    Type 'string' is not assignable to type 'keyof this'.
      Type '"session"' is not assignable to type '"offset" | "_" | "getSQL" | "as" | "union" | "intersect" | "except" | "where" | "orderBy" | "limit" | "toSQL" | "$dynamic" | "having" | "groupBy" | "leftJo
in" | "rightJoin" | "innerJoin" | "fullJoin" | "for" | "unionAll" | "minus"'.
node_modules/drizzle-orm/singlestore-core/query-builders/select.d.ts(301,262): error TS2344: Type 'string' does not satisfy the constraint 'keyof this & string'.
  Type 'string' is not assignable to type 'keyof this & string'.
    Type 'string' is not assignable to type 'keyof this'.
      Type '"session"' is not assignable to type '"offset" | "_" | "getSQL" | "as" | "union" | "intersect" | "except" | "where" | "orderBy" | "limit" | "toSQL" | "$dynamic" | "having" | "groupBy" | "leftJo
in" | "rightJoin" | "innerJoin" | "fullJoin" | "for" | "unionAll" | "minus"'.
node_modules/drizzle-orm/singlestore-core/query-builders/select.d.ts(451,22): error TS2515: Non-abstract class 'SingleStoreSelectBase<TTableName, TSelection, TSelectMode, TPreparedQueryHKT, TNullabilityMap
, TDynamic, TExcludedMethods, TResult, TSelectedFields>' does not implement inherited abstract member getSQL from class 'SingleStoreSelectQueryBuilderBase<SingleStoreSelectHKT, TTableName, TSelection, TSel
ectMode, TPreparedQueryHKT, TNullabilityMap, TDynamic, TExcludedMethods, TResult, TSelectedFields>'.
node_modules/drizzle-orm/singlestore-core/query-builders/select.types.d.ts(130,1185): error TS2344: Type 'SingleStoreSetOperatorExcludedMethods' does not satisfy the constraint '"offset" | "_" | "getSQL" |
 "as" | "union" | "intersect" | "except" | "where" | "orderBy" | "limit" | "toSQL" | "prepare" | "execute" | "iterator" | "$dynamic" | "catch" | "finally" | ... 9 more ... | "minus"'.
  Type '"session"' is not assignable to type '"offset" | "_" | "getSQL" | "as" | "union" | "intersect" | "except" | "where" | "orderBy" | "limit" | "toSQL" | "prepare" | "execute" | "iterator" | "$dynamic"
 | "catch" | "finally" | ... 9 more ... | "minus"'.
node_modules/drizzle-orm/singlestore/driver.d.ts(1,100): error TS2307: Cannot find module 'mysql2' or its corresponding type declarations.
node_modules/drizzle-orm/singlestore/driver.d.ts(2,39): error TS2307: Cannot find module 'mysql2/promise' or its corresponding type declarations.
node_modules/drizzle-orm/singlestore/session.d.ts(1,94): error TS2307: Cannot find module 'mysql2/promise' or its corresponding type declarations.
node_modules/drizzle-orm/sqlite-core/query-builders/query.d.ts(25,22): error TS2420: Class 'SQLiteRelationalQuery<TType, TResult>' incorrectly implements interface 'SQLWrapper'.
  Property 'getSQL' is missing in type 'SQLiteRelationalQuery<TType, TResult>' but required in type 'SQLWrapper'.
node_modules/drizzle-orm/sqlite-core/query-builders/select.d.ts(202,247): error TS2344: Type 'string' does not satisfy the constraint 'keyof this & string'.
  Type 'string' is not assignable to type 'keyof this & string'.
    Type 'string' is not assignable to type 'keyof this'.
      Type '"config"' is not assignable to type '"offset" | "_" | "getSQL" | "as" | "union" | "intersect" | "except" | "where" | "orderBy" | "limit" | "toSQL" | "$dynamic" | "having" | "groupBy" | "leftJoi
n" | "rightJoin" | "innerJoin" | "fullJoin" | "unionAll"'.
node_modules/drizzle-orm/sqlite-core/query-builders/select.d.ts(228,250): error TS2344: Type 'string' does not satisfy the constraint 'keyof this & string'.
  Type 'string' is not assignable to type 'keyof this & string'.
    Type 'string' is not assignable to type 'keyof this'.
      Type '"config"' is not assignable to type '"offset" | "_" | "getSQL" | "as" | "union" | "intersect" | "except" | "where" | "orderBy" | "limit" | "toSQL" | "$dynamic" | "having" | "groupBy" | "leftJoi
n" | "rightJoin" | "innerJoin" | "fullJoin" | "unionAll"'.
node_modules/drizzle-orm/sqlite-core/query-builders/select.d.ts(254,251): error TS2344: Type 'string' does not satisfy the constraint 'keyof this & string'.
  Type 'string' is not assignable to type 'keyof this & string'.
    Type 'string' is not assignable to type 'keyof this'.
      Type '"config"' is not assignable to type '"offset" | "_" | "getSQL" | "as" | "union" | "intersect" | "except" | "where" | "orderBy" | "limit" | "toSQL" | "$dynamic" | "having" | "groupBy" | "leftJoi
n" | "rightJoin" | "innerJoin" | "fullJoin" | "unionAll"'.
node_modules/drizzle-orm/sqlite-core/query-builders/select.d.ts(280,248): error TS2344: Type 'string' does not satisfy the constraint 'keyof this & string'.
  Type 'string' is not assignable to type 'keyof this & string'.
    Type 'string' is not assignable to type 'keyof this'.
      Type '"config"' is not assignable to type '"offset" | "_" | "getSQL" | "as" | "union" | "intersect" | "except" | "where" | "orderBy" | "limit" | "toSQL" | "$dynamic" | "having" | "groupBy" | "leftJoi
n" | "rightJoin" | "innerJoin" | "fullJoin" | "unionAll"'.
node_modules/drizzle-orm/sqlite-core/query-builders/select.d.ts(421,22): error TS2515: Non-abstract class 'SQLiteSelectBase<TTableName, TResultType, TRunResult, TSelection, TSelectMode, TNullabilityMap, TD
ynamic, TExcludedMethods, TResult, TSelectedFields>' does not implement inherited abstract member getSQL from class 'SQLiteSelectQueryBuilderBase<SQLiteSelectHKT, TTableName, TResultType, TRunResult, TSele
ction, TSelectMode, TNullabilityMap, TDynamic, TExcludedMethods, TResult, TSelectedFields>'.
node_modules/drizzle-orm/sqlite-core/query-builders/select.types.d.ts(122,1157): error TS2344: Type 'SQLiteSetOperatorExcludedMethods' does not satisfy the constraint '"values" | "all" | "offset" | "get" |
 "_" | "getSQL" | "as" | "union" | "intersect" | "except" | "where" | "orderBy" | "limit" | "toSQL" | "prepare" | "execute" | "$dynamic" | "catch" | ... 9 more ... | "run"'.
  Type '"config"' is not assignable to type '"values" | "all" | "offset" | "get" | "_" | "getSQL" | "as" | "union" | "intersect" | "except" | "where" | "orderBy" | "limit" | "toSQL" | "prepare" | "execute"
 | "$dynamic" | "catch" | ... 9 more ... | "run"'.
node_modules/tedious/lib/connection.d.ts(755,29): error TS2304: Cannot find name 'AggregateError'.
node_modules/tedious/lib/errors.d.ts(4,59): error TS2304: Cannot find name 'ErrorOptions'.
node_modules/tedious/lib/errors.d.ts(14,59): error TS2304: Cannot find name 'ErrorOptions'.
shared/schema.ts(124,3): error TS2322: Type 'boolean' is not assignable to type 'never'.
shared/schema.ts(125,3): error TS2322: Type 'boolean' is not assignable to type 'never'.
shared/schema.ts(126,3): error TS2322: Type 'boolean' is not assignable to type 'never'.
shared/schema.ts(133,3): error TS2322: Type 'boolean' is not assignable to type 'never'.
shared/schema.ts(134,3): error TS2322: Type 'boolean' is not assignable to type 'never'.
shared/schema.ts(135,3): error TS2322: Type 'boolean' is not assignable to type 'never'.
shared/schema.ts(139,3): error TS2322: Type 'boolean' is not assignable to type 'never'.
shared/schema.ts(140,3): error TS2322: Type 'boolean' is not assignable to type 'never'.
shared/schema.ts(141,3): error TS2322: Type 'boolean' is not assignable to type 'never'.
shared/schema.ts(194,3): error TS2322: Type 'boolean' is not assignable to type 'never'.
shared/schema.ts(195,3): error TS2322: Type 'boolean' is not assignable to type 'never'.
shared/schema.ts(196,3): error TS2322: Type 'boolean' is not assignable to type 'never'.
shared/schema.ts(200,3): error TS2322: Type 'boolean' is not assignable to type 'never'.
shared/schema.ts(201,3): error TS2322: Type 'boolean' is not assignable to type 'never'.
shared/schema.ts(259,3): error TS2322: Type 'boolean' is not assignable to type 'never'.
shared/schema.ts(260,3): error TS2322: Type 'boolean' is not assignable to type 'never'.
shared/schema.ts(261,3): error TS2322: Type 'boolean' is not assignable to type 'never'.
shared/schema.ts(265,3): error TS2322: Type 'boolean' is not assignable to type 'never'.
shared/schema.ts(266,3): error TS2322: Type 'boolean' is not assignable to type 'never'.
shared/schema.ts(267,3): error TS2322: Type 'boolean' is not assignable to type 'never'.
âœ… Application built successfully
ğŸ“¦ Keeping all dependencies for Vite compatibility...
âœ… Dependencies preserved for production build
ğŸ” Running configuration health check...
node : Ã¢ÂÅ’ Config error: Missing required FMB environment variables: FMB_DB_SERVER, FMB_DB_NAME, FMB_DB_USER, FMB_DB_PASSWORD, FMB_SAML_ENTITY_ID, FMB_SAML_SSO_URL, FMB_SAML_CERTIFICATE, 
FMB_SESSION_SECRET
At line:110 char:9
+         node -e "
+         ~~~~~~~~~
    + CategoryInfo          : NotSpecified: (Ã¢ÂÅ’ Config erro..._SESSION_SECRET:String) [], RemoteException
    + FullyQualifiedErrorId : NativeCommandError
 
âœ… Configuration validation completed
â–¶ï¸ Starting application...
[PM2][WARN] Environment [production] is not defined in process file
[PM2] Applying action restartProcessId on app [FMBTimeTracker](ids: [ 0 ])
[PM2] [FMBTimeTracker](0) Ã¢Å“â€œ
Ã¢â€Å’Ã¢â€â‚¬Ã¢â€â‚¬Ã¢â€â‚¬Ã¢â€â‚¬Ã¢â€Â¬Ã¢â€â‚¬Ã¢â€â‚¬Ã¢â€â‚¬Ã¢â€â‚¬Ã¢â€â‚¬Ã¢â€â‚¬Ã¢â€â‚¬Ã¢â€â‚¬Ã¢â€â‚¬Ã¢â€â‚¬Ã¢â€â‚¬Ã¢â€â‚¬Ã¢â€â‚¬Ã¢â€â‚¬Ã¢â€â‚¬Ã¢â€â‚¬Ã¢â€â‚¬Ã¢â€â‚¬Ã¢â€â‚¬Ã¢â€Â¬Ã¢â€â‚¬Ã¢â€â‚¬Ã¢â€â‚¬Ã¢â€â‚¬Ã¢â€â‚¬Ã¢â€â‚¬Ã¢â€â‚¬Ã¢â€â‚¬Ã¢â€â‚¬Ã¢â€â‚¬Ã¢â€â‚¬Ã¢â€â‚¬Ã¢â€â‚¬Ã¢â€Â¬Ã¢â€â‚¬Ã¢â€â‚¬Ã¢â€â‚¬Ã¢â€â‚¬Ã¢â€â‚¬Ã¢â€â‚¬Ã¢â€â‚¬Ã¢â€â‚¬Ã¢â€â‚¬Ã¢â€Â¬Ã¢â€â‚¬Ã¢â€â‚¬Ã¢â€â‚¬Ã¢â€â‚¬Ã¢â€â‚¬Ã¢â€â‚¬Ã¢â€â‚¬Ã¢â€â‚¬Ã¢â€â‚¬Ã¢â€Â¬Ã¢â€â‚¬Ã¢â€â‚¬Ã¢â€â‚¬Ã¢â€â‚¬Ã¢â€â‚¬Ã¢â€â‚¬Ã¢â€â‚¬Ã¢â€â‚¬Ã¢
â€â‚¬Ã¢â€â‚¬Ã¢â€Â¬Ã¢â€â‚¬Ã¢â€â‚¬Ã¢â€â‚¬Ã¢â€â‚¬Ã¢â€â‚¬Ã¢â€â‚¬Ã¢â€â‚¬Ã¢â€â‚¬Ã¢â€Â¬Ã¢â€â‚¬Ã¢â€â‚¬Ã¢â€â‚¬Ã¢â€â‚¬Ã¢â€â‚¬Ã¢â€â‚¬Ã¢â€Â¬Ã¢â€â‚¬Ã¢â€â‚¬Ã¢â€â‚¬Ã¢â€â‚¬Ã¢â€â‚¬Ã¢â€â‚¬Ã¢â€â‚¬Ã¢â€â‚¬Ã¢â€â‚¬Ã¢â€â‚¬Ã¢â€â‚¬Ã¢â€Â¬Ã¢â€â‚¬Ã¢â€â‚¬Ã¢â€â‚¬Ã¢â€â‚¬Ã¢â€â‚¬Ã¢â€â‚¬Ã¢â€â‚¬Ã¢â€â‚¬Ã¢â€â‚¬Ã¢â€â‚¬Ã¢â€Â¬Ã¢â€â‚¬Ã¢â€â‚¬Ã¢â€â‚¬Ã¢â€â‚¬Ã¢â€â‚¬Ã¢â€â‚¬Ã¢â€â‚¬Ã¢â€â‚¬Ã¢â€â‚¬Ã¢â€â‚¬Ã¢â€Â¬Ã¢â€â‚¬Ã¢â€â‚¬Ã¢â€â‚¬Ã¢â€â‚¬Ã¢â€â‚¬Ã¢â€â‚¬Ã¢â€â‚¬Ã¢â€â‚¬Ã¢â€â‚¬Ã¢â€â‚¬Ã¢â€Â¬Ã¢â€â‚¬Ã¢â€â‚¬Ã¢â€â‚¬Ã¢â€â‚¬Ã¢â€
â‚¬Ã¢â€â‚¬Ã¢â€â‚¬Ã¢â€â‚¬Ã¢â€â‚¬Ã¢â€â‚¬Ã¢â€Â
Ã¢â€â€š id Ã¢â€â€š name              Ã¢â€â€š namespace   Ã¢â€â€š version Ã¢â€â€š mode    Ã¢â€â€š pid      Ã¢â€â€š uptime Ã¢â€â€š Ã¢â€ Âº    Ã¢â€â€š status    Ã¢â€â€š cpu      Ã¢â€â€š mem      Ã¢â€â€š user     Ã¢â€â€š watching Ã¢â€â€š
Ã¢â€Å“Ã¢â€â‚¬Ã¢â€â‚¬Ã¢â€â‚¬Ã¢â€â‚¬Ã¢â€Â¼Ã¢â€â‚¬Ã¢â€â‚¬Ã¢â€â‚¬Ã¢â€â‚¬Ã¢â€â‚¬Ã¢â€â‚¬Ã¢â€â‚¬Ã¢â€â‚¬Ã¢â€â‚¬Ã¢â€â‚¬Ã¢â€â‚¬Ã¢â€â‚¬Ã¢â€â‚¬Ã¢â€â‚¬Ã¢â€â‚¬Ã¢â€â‚¬Ã¢â€â‚¬Ã¢â€â‚¬Ã¢â€â‚¬Ã¢â€Â¼Ã¢â€â‚¬Ã¢â€â‚¬Ã¢â€â‚¬Ã¢â€â‚¬Ã¢â€â‚¬Ã¢â€â‚¬Ã¢â€â‚¬Ã¢â€â‚¬Ã¢â€â‚¬Ã¢â€â‚¬Ã¢â€â‚¬Ã¢â€â‚¬Ã¢â€â‚¬Ã¢â€Â¼Ã¢â€â‚¬Ã¢â€â‚¬Ã¢â€â‚¬Ã¢â€â‚¬Ã¢â€â‚¬Ã¢â€â‚¬Ã¢â€â‚¬Ã¢â€â‚¬Ã¢â€â‚¬Ã¢â€Â¼Ã¢â€â‚¬Ã¢â€â‚¬Ã¢â€â‚¬Ã¢â€â‚¬Ã¢â€â‚¬Ã¢â€â‚¬Ã¢â€â‚¬Ã¢â€â‚¬Ã¢â€â‚¬Ã¢â€Â¼Ã¢â€â‚¬Ã¢â€â‚¬Ã¢â€â‚¬Ã¢â€â‚¬Ã¢â€â‚¬Ã¢â€â‚¬Ã¢â€â‚¬Ã¢â€â‚¬Ã¢
â€â‚¬Ã¢â€â‚¬Ã¢â€Â¼Ã¢â€â‚¬Ã¢â€â‚¬Ã¢â€â‚¬Ã¢â€â‚¬Ã¢â€â‚¬Ã¢â€â‚¬Ã¢â€â‚¬Ã¢â€â‚¬Ã¢â€Â¼Ã¢â€â‚¬Ã¢â€â‚¬Ã¢â€â‚¬Ã¢â€â‚¬Ã¢â€â‚¬Ã¢â€â‚¬Ã¢â€Â¼Ã¢â€â‚¬Ã¢â€â‚¬Ã¢â€â‚¬Ã¢â€â‚¬Ã¢â€â‚¬Ã¢â€â‚¬Ã¢â€â‚¬Ã¢â€â‚¬Ã¢â€â‚¬Ã¢â€â‚¬Ã¢â€â‚¬Ã¢â€Â¼Ã¢â€â‚¬Ã¢â€â‚¬Ã¢â€â‚¬Ã¢â€â‚¬Ã¢â€â‚¬Ã¢â€â‚¬Ã¢â€â‚¬Ã¢â€â‚¬Ã¢â€â‚¬Ã¢â€â‚¬Ã¢â€Â¼Ã¢â€â‚¬Ã¢â€â‚¬Ã¢â€â‚¬Ã¢â€â‚¬Ã¢â€â‚¬Ã¢â€â‚¬Ã¢â€â‚¬Ã¢â€â‚¬Ã¢â€â‚¬Ã¢â€â‚¬Ã¢â€Â¼Ã¢â€â‚¬Ã¢â€â‚¬Ã¢â€â‚¬Ã¢â€â‚¬Ã¢â€â‚¬Ã¢â€â‚¬Ã¢â€â‚¬Ã¢â€â‚¬Ã¢â€â‚¬Ã¢â€â‚¬Ã¢â€Â¼Ã¢â€â‚¬Ã¢â€â‚¬Ã¢â€â‚¬Ã¢â€â‚¬Ã¢â€
â‚¬Ã¢â€â‚¬Ã¢â€â‚¬Ã¢â€â‚¬Ã¢â€â‚¬Ã¢â€â‚¬Ã¢â€Â¤
Ã¢â€â€š 0  Ã¢â€â€š FMBTimeTracker    Ã¢â€â€š default     Ã¢â€â€š 1.0.0   Ã¢â€â€š cluster Ã¢â€â€š 18464    Ã¢â€â€š 0s     Ã¢â€â€š 0    Ã¢â€â€š online    Ã¢â€â€š 0%       Ã¢â€â€š 56.6mb   Ã¢â€â€š ADM91381 Ã¢â€â€š disabled Ã¢â€â€š
Ã¢â€â€Ã¢â€â‚¬Ã¢â€â‚¬Ã¢â€â‚¬Ã¢â€â‚¬Ã¢â€Â´Ã¢â€â‚¬Ã¢â€â‚¬Ã¢â€â‚¬Ã¢â€â‚¬Ã¢â€â‚¬Ã¢â€â‚¬Ã¢â€â‚¬Ã¢â€â‚¬Ã¢â€â‚¬Ã¢â€â‚¬Ã¢â€â‚¬Ã¢â€â‚¬Ã¢â€â‚¬Ã¢â€â‚¬Ã¢â€â‚¬Ã¢â€â‚¬Ã¢â€â‚¬Ã¢â€â‚¬Ã¢â€â‚¬Ã¢â€Â´Ã¢â€â‚¬Ã¢â€â‚¬Ã¢â€â‚¬Ã¢â€â‚¬Ã¢â€â‚¬Ã¢â€â‚¬Ã¢â€â‚¬Ã¢â€â‚¬Ã¢â€â‚¬Ã¢â€â‚¬Ã¢â€â‚¬Ã¢â€â‚¬Ã¢â€â‚¬Ã¢â€Â´Ã¢â€â‚¬Ã¢â€â‚¬Ã¢â€â‚¬Ã¢â€â‚¬Ã¢â€â‚¬Ã¢â€â‚¬Ã¢â€â‚¬Ã¢â€â‚¬Ã¢â€â‚¬Ã¢â€Â´Ã¢â€â‚¬Ã¢â€â‚¬Ã¢â€â‚¬Ã¢â€â‚¬Ã¢â€â‚¬Ã¢â€â‚¬Ã¢â€â‚¬Ã¢â€â‚¬Ã¢â€â‚¬Ã¢â€Â´Ã¢â€â‚¬Ã¢â€â‚¬Ã¢â€â‚¬Ã¢â€â‚¬Ã¢â€â‚¬Ã¢â€â‚¬Ã¢â€â‚¬Ã¢â€â‚¬Ã¢
â€â‚¬Ã¢â€â‚¬Ã¢â€Â´Ã¢â€â‚¬Ã¢â€â‚¬Ã¢â€â‚¬Ã¢â€â‚¬Ã¢â€â‚¬Ã¢â€â‚¬Ã¢â€â‚¬Ã¢â€â‚¬Ã¢â€Â´Ã¢â€â‚¬Ã¢â€â‚¬Ã¢â€â‚¬Ã¢â€â‚¬Ã¢â€â‚¬Ã¢â€â‚¬Ã¢â€Â´Ã¢â€â‚¬Ã¢â€â‚¬Ã¢â€â‚¬Ã¢â€â‚¬Ã¢â€â‚¬Ã¢â€â‚¬Ã¢â€â‚¬Ã¢â€â‚¬Ã¢â€â‚¬Ã¢â€â‚¬Ã¢â€â‚¬Ã¢â€Â´Ã¢â€â‚¬Ã¢â€â‚¬Ã¢â€â‚¬Ã¢â€â‚¬Ã¢â€â‚¬Ã¢â€â‚¬Ã¢â€â‚¬Ã¢â€â‚¬Ã¢â€â‚¬Ã¢â€â‚¬Ã¢â€Â´Ã¢â€â‚¬Ã¢â€â‚¬Ã¢â€â‚¬Ã¢â€â‚¬Ã¢â€â‚¬Ã¢â€â‚¬Ã¢â€â‚¬Ã¢â€â‚¬Ã¢â€â‚¬Ã¢â€â‚¬Ã¢â€Â´Ã¢â€â‚¬Ã¢â€â‚¬Ã¢â€â‚¬Ã¢â€â‚¬Ã¢â€â‚¬Ã¢â€â‚¬Ã¢â€â‚¬Ã¢â€â‚¬Ã¢â€â‚¬Ã¢â€â‚¬Ã¢â€Â´Ã¢â€â‚¬Ã¢â€â‚¬Ã¢â€â‚¬Ã¢â€â‚¬Ã¢â€
â‚¬Ã¢â€â‚¬Ã¢â€â‚¬Ã¢â€â‚¬Ã¢â€â‚¬Ã¢â€â‚¬Ã¢â€Ëœ
âŒ Failed to start application
Error: Cannot convert the JSON string because a dictionary that was converted from the string contains the duplicated keys 'USERNAME' and 'username'.
ğŸ“ PM2 Status:
Ã¢â€Å’Ã¢â€â‚¬Ã¢â€â‚¬Ã¢â€â‚¬Ã¢â€â‚¬Ã¢â€Â¬Ã¢â€â‚¬Ã¢â€â‚¬Ã¢â€â‚¬Ã¢â€â‚¬Ã¢â€â‚¬Ã¢â€â‚¬Ã¢â€â‚¬Ã¢â€â‚¬Ã¢â€â‚¬Ã¢â€â‚¬Ã¢â€â‚¬Ã¢â€â‚¬Ã¢â€â‚¬Ã¢â€â‚¬Ã¢â€â‚¬Ã¢â€â‚¬Ã¢â€â‚¬Ã¢â€â‚¬Ã¢â€â‚¬Ã¢â€Â¬Ã¢â€â‚¬Ã¢â€â‚¬Ã¢â€â‚¬Ã¢â€â‚¬Ã¢â€â‚¬Ã¢â€â‚¬Ã¢â€â‚¬Ã¢â€â‚¬Ã¢â€â‚¬Ã¢â€â‚¬Ã¢â€â‚¬Ã¢â€â‚¬Ã¢â€â‚¬Ã¢â€Â¬Ã¢â€â‚¬Ã¢â€â‚¬Ã¢â€â‚¬Ã¢â€â‚¬Ã¢â€â‚¬Ã¢â€â‚¬Ã¢â€â‚¬Ã¢â€â‚¬Ã¢â€â‚¬Ã¢â€Â¬Ã¢â€â‚¬Ã¢â€â‚¬Ã¢â€â‚¬Ã¢â€â‚¬Ã¢â€â‚¬Ã¢â€â‚¬Ã¢â€â‚¬Ã¢â€â‚¬Ã¢â€â‚¬Ã¢â€Â¬Ã¢â€â‚¬Ã¢â€â‚¬Ã¢â€â‚¬Ã¢â€â‚¬Ã¢â€â‚¬Ã¢â€â‚¬Ã¢â€â‚¬Ã¢â€â‚¬Ã¢
â€â‚¬Ã¢â€â‚¬Ã¢â€Â¬Ã¢â€â‚¬Ã¢â€â‚¬Ã¢â€â‚¬Ã¢â€â‚¬Ã¢â€â‚¬Ã¢â€â‚¬Ã¢â€â‚¬Ã¢â€â‚¬Ã¢â€Â¬Ã¢â€â‚¬Ã¢â€â‚¬Ã¢â€â‚¬Ã¢â€â‚¬Ã¢â€â‚¬Ã¢â€â‚¬Ã¢â€Â¬Ã¢â€â‚¬Ã¢â€â‚¬Ã¢â€â‚¬Ã¢â€â‚¬Ã¢â€â‚¬Ã¢â€â‚¬Ã¢â€â‚¬Ã¢â€â‚¬Ã¢â€â‚¬Ã¢â€â‚¬Ã¢â€â‚¬Ã¢â€Â¬Ã¢â€â‚¬Ã¢â€â‚¬Ã¢â€â‚¬Ã¢â€â‚¬Ã¢â€â‚¬Ã¢â€â‚¬Ã¢â€â‚¬Ã¢â€â‚¬Ã¢â€â‚¬Ã¢â€â‚¬Ã¢â€Â¬Ã¢â€â‚¬Ã¢â€â‚¬Ã¢â€â‚¬Ã¢â€â‚¬Ã¢â€â‚¬Ã¢â€â‚¬Ã¢â€â‚¬Ã¢â€â‚¬Ã¢â€â‚¬Ã¢â€â‚¬Ã¢â€Â¬Ã¢â€â‚¬Ã¢â€â‚¬Ã¢â€â‚¬Ã¢â€â‚¬Ã¢â€â‚¬Ã¢â€â‚¬Ã¢â€â‚¬Ã¢â€â‚¬Ã¢â€â‚¬Ã¢â€â‚¬Ã¢â€Â¬Ã¢â€â‚¬Ã¢â€â‚¬Ã¢â€â‚¬Ã¢â€â‚¬Ã¢â€
â‚¬Ã¢â€â‚¬Ã¢â€â‚¬Ã¢â€â‚¬Ã¢â€â‚¬Ã¢â€â‚¬Ã¢â€Â
Ã¢â€â€š id Ã¢â€â€š name              Ã¢â€â€š namespace   Ã¢â€â€š version Ã¢â€â€š mode    Ã¢â€â€š pid      Ã¢â€â€š uptime Ã¢â€â€š Ã¢â€ Âº    Ã¢â€â€š status    Ã¢â€â€š cpu      Ã¢â€â€š mem      Ã¢â€â€š user     Ã¢â€â€š watching Ã¢â€â€š
Ã¢â€Å“Ã¢â€â‚¬Ã¢â€â‚¬Ã¢â€â‚¬Ã¢â€â‚¬Ã¢â€Â¼Ã¢â€â‚¬Ã¢â€â‚¬Ã¢â€â‚¬Ã¢â€â‚¬Ã¢â€â‚¬Ã¢â€â‚¬Ã¢â€â‚¬Ã¢â€â‚¬Ã¢â€â‚¬Ã¢â€â‚¬Ã¢â€â‚¬Ã¢â€â‚¬Ã¢â€â‚¬Ã¢â€â‚¬Ã¢â€â‚¬Ã¢â€â‚¬Ã¢â€â‚¬Ã¢â€â‚¬Ã¢â€â‚¬Ã¢â€Â¼Ã¢â€â‚¬Ã¢â€â‚¬Ã¢â€â‚¬Ã¢â€â‚¬Ã¢â€â‚¬Ã¢â€â‚¬Ã¢â€â‚¬Ã¢â€â‚¬Ã¢â€â‚¬Ã¢â€â‚¬Ã¢â€â‚¬Ã¢â€â‚¬Ã¢â€â‚¬Ã¢â€Â¼Ã¢â€â‚¬Ã¢â€â‚¬Ã¢â€â‚¬Ã¢â€â‚¬Ã¢â€â‚¬Ã¢â€â‚¬Ã¢â€â‚¬Ã¢â€â‚¬Ã¢â€â‚¬Ã¢â€Â¼Ã¢â€â‚¬Ã¢â€â‚¬Ã¢â€â‚¬Ã¢â€â‚¬Ã¢â€â‚¬Ã¢â€â‚¬Ã¢â€â‚¬Ã¢â€â‚¬Ã¢â€â‚¬Ã¢â€Â¼Ã¢â€â‚¬Ã¢â€â‚¬Ã¢â€â‚¬Ã¢â€â‚¬Ã¢â€â‚¬Ã¢â€â‚¬Ã¢â€â‚¬Ã¢â€â‚¬Ã¢
â€â‚¬Ã¢â€â‚¬Ã¢â€Â¼Ã¢â€â‚¬Ã¢â€â‚¬Ã¢â€â‚¬Ã¢â€â‚¬Ã¢â€â‚¬Ã¢â€â‚¬Ã¢â€â‚¬Ã¢â€â‚¬Ã¢â€Â¼Ã¢â€â‚¬Ã¢â€â‚¬Ã¢â€â‚¬Ã¢â€â‚¬Ã¢â€â‚¬Ã¢â€â‚¬Ã¢â€Â¼Ã¢â€â‚¬Ã¢â€â‚¬Ã¢â€â‚¬Ã¢â€â‚¬Ã¢â€â‚¬Ã¢â€â‚¬Ã¢â€â‚¬Ã¢â€â‚¬Ã¢â€â‚¬Ã¢â€â‚¬Ã¢â€â‚¬Ã¢â€Â¼Ã¢â€â‚¬Ã¢â€â‚¬Ã¢â€â‚¬Ã¢â€â‚¬Ã¢â€â‚¬Ã¢â€â‚¬Ã¢â€â‚¬Ã¢â€â‚¬Ã¢â€â‚¬Ã¢â€â‚¬Ã¢â€Â¼Ã¢â€â‚¬Ã¢â€â‚¬Ã¢â€â‚¬Ã¢â€â‚¬Ã¢â€â‚¬Ã¢â€â‚¬Ã¢â€â‚¬Ã¢â€â‚¬Ã¢â€â‚¬Ã¢â€â‚¬Ã¢â€Â¼Ã¢â€â‚¬Ã¢â€â‚¬Ã¢â€â‚¬Ã¢â€â‚¬Ã¢â€â‚¬Ã¢â€â‚¬Ã¢â€â‚¬Ã¢â€â‚¬Ã¢â€â‚¬Ã¢â€â‚¬Ã¢â€Â¼Ã¢â€â‚¬Ã¢â€â‚¬Ã¢â€â‚¬Ã¢â€â‚¬Ã¢â€
â‚¬Ã¢â€â‚¬Ã¢â€â‚¬Ã¢â€â‚¬Ã¢â€â‚¬Ã¢â€â‚¬Ã¢â€Â¤
Ã¢â€â€š 0  Ã¢â€â€š FMBTimeTracker    Ã¢â€â€š default     Ã¢â€â€š 1.0.0   Ã¢â€â€š cluster Ã¢â€â€š 18464    Ã¢â€â€š 0      Ã¢â€â€š 0    Ã¢â€â€š waiting Ã¢â‚¬Â¦ Ã¢â€â€š 0%       Ã¢â€â€š 0b       Ã¢â€â€š ADM91381 Ã¢â€â€š disabled Ã¢â€â€š
Ã¢â€â€Ã¢â€â‚¬Ã¢â€â‚¬Ã¢â€â‚¬Ã¢â€â‚¬Ã¢â€Â´Ã¢â€â‚¬Ã¢â€â‚¬Ã¢â€â‚¬Ã¢â€â‚¬Ã¢â€â‚¬Ã¢â€â‚¬Ã¢â€â‚¬Ã¢â€â‚¬Ã¢â€â‚¬Ã¢â€â‚¬Ã¢â€â‚¬Ã¢â€â‚¬Ã¢â€â‚¬Ã¢â€â‚¬Ã¢â€â‚¬Ã¢â€â‚¬Ã¢â€â‚¬Ã¢â€â‚¬Ã¢â€â‚¬Ã¢â€Â´Ã¢â€â‚¬Ã¢â€â‚¬Ã¢â€â‚¬Ã¢â€â‚¬Ã¢â€â‚¬Ã¢â€â‚¬Ã¢â€â‚¬Ã¢â€â‚¬Ã¢â€â‚¬Ã¢â€â‚¬Ã¢â€â‚¬Ã¢â€â‚¬Ã¢â€â‚¬Ã¢â€Â´Ã¢â€â‚¬Ã¢â€â‚¬Ã¢â€â‚¬Ã¢â€â‚¬Ã¢â€â‚¬Ã¢â€â‚¬Ã¢â€â‚¬Ã¢â€â‚¬Ã¢â€â‚¬Ã¢â€Â´Ã¢â€â‚¬Ã¢â€â‚¬Ã¢â€â‚¬Ã¢â€â‚¬Ã¢â€â‚¬Ã¢â€â‚¬Ã¢â€â‚¬Ã¢â€â‚¬Ã¢â€â‚¬Ã¢â€Â´Ã¢â€â‚¬Ã¢â€â‚¬Ã¢â€â‚¬Ã¢â€â‚¬Ã¢â€â‚¬Ã¢â€â‚¬Ã¢â€â‚¬Ã¢â€â‚¬Ã¢
â€â‚¬Ã¢â€â‚¬Ã¢â€Â´Ã¢â€â‚¬Ã¢â€â‚¬Ã¢â€â‚¬Ã¢â€â‚¬Ã¢â€â‚¬Ã¢â€â‚¬Ã¢â€â‚¬Ã¢â€â‚¬Ã¢â€Â´Ã¢â€â‚¬Ã¢â€â‚¬Ã¢â€â‚¬Ã¢â€â‚¬Ã¢â€â‚¬Ã¢â€â‚¬Ã¢â€Â´Ã¢â€â‚¬Ã¢â€â‚¬Ã¢â€â‚¬Ã¢â€â‚¬Ã¢â€â‚¬Ã¢â€â‚¬Ã¢â€â‚¬Ã¢â€â‚¬Ã¢â€â‚¬Ã¢â€â‚¬Ã¢â€â‚¬Ã¢â€Â´Ã¢â€â‚¬Ã¢â€â‚¬Ã¢â€â‚¬Ã¢â€â‚¬Ã¢â€â‚¬Ã¢â€â‚¬Ã¢â€â‚¬Ã¢â€â‚¬Ã¢â€â‚¬Ã¢â€â‚¬Ã¢â€Â´Ã¢â€â‚¬Ã¢â€â‚¬Ã¢â€â‚¬Ã¢â€â‚¬Ã¢â€â‚¬Ã¢â€â‚¬Ã¢â€â‚¬Ã¢â€â‚¬Ã¢â€â‚¬Ã¢â€â‚¬Ã¢â€Â´Ã¢â€â‚¬Ã¢â€â‚¬Ã¢â€â‚¬Ã¢â€â‚¬Ã¢â€â‚¬Ã¢â€â‚¬Ã¢â€â‚¬Ã¢â€â‚¬Ã¢â€â‚¬Ã¢â€â‚¬Ã¢â€Â´Ã¢â€â‚¬Ã¢â€â‚¬Ã¢â€â‚¬Ã¢â€â‚¬Ã¢â€
â‚¬Ã¢â€â‚¬Ã¢â€â‚¬Ã¢â€â‚¬Ã¢â€â‚¬Ã¢â€â‚¬Ã¢â€Ëœ
