  Type 'string' is not assignable to type 'keyof this & string'.
    Type 'string' is not assignable to type 'keyof this'.
      Type '"config"' is not assignable to type '"offset" | "_" | "getSQL" | "as" | "union" | "intersect" | "except" | "where" | "orderBy" | "limit" | "toSQL" | "$dynamic" | "having" | "groupBy" | "leftJoi
n" | "rightJoin" | "innerJoin" | "fullJoin" | "unionAll"'.
node_modules/drizzle-orm/sqlite-core/query-builders/select.d.ts(280,248): error TS2344: Type 'string' does not satisfy the constraint 'keyof this & string'.
  Type 'string' is not assignable to type 'keyof this & string'.
    Type 'string' is not assignable to type 'keyof this'.
      Type '"config"' is not assignable to type '"offset" | "_" | "getSQL" | "as" | "union" | "intersect" | "except" | "where" | "orderBy" | "limit" | "toSQL" | "$dynamic" | "having" | "groupBy" | "leftJoi
n" | "rightJoin" | "innerJoin" | "fullJoin" | "unionAll"'.
node_modules/drizzle-orm/sqlite-core/query-builders/select.d.ts(421,22): error TS2515: Non-abstract class 'SQLiteSelectBase<TTableName, TResultType, TRunResult, TSelection, TSelectMode, TNullabilityMap, TD
ynamic, TExcludedMethods, TResult, TSelectedFields>' does not implement inherited abstract member getSQL from class 'SQLiteSelectQueryBuilderBase<SQLiteSelectHKT, TTableName, TResultType, TRunResult, TSele
ction, TSelectMode, TNullabilityMap, TDynamic, TExcludedMethods, TResult, TSelectedFields>'.
node_modules/drizzle-orm/sqlite-core/query-builders/select.types.d.ts(122,1157): error TS2344: Type 'SQLiteSetOperatorExcludedMethods' does not satisfy the constraint '"values" | "all" | "offset" | "get" |
 "_" | "getSQL" | "as" | "union" | "intersect" | "except" | "where" | "orderBy" | "limit" | "toSQL" | "prepare" | "execute" | "$dynamic" | "catch" | ... 9 more ... | "run"'.
  Type '"config"' is not assignable to type '"values" | "all" | "offset" | "get" | "_" | "getSQL" | "as" | "union" | "intersect" | "except" | "where" | "orderBy" | "limit" | "toSQL" | "prepare" | "execute"
 | "$dynamic" | "catch" | ... 9 more ... | "run"'.
node_modules/tedious/lib/connection.d.ts(755,29): error TS2304: Cannot find name 'AggregateError'.
node_modules/tedious/lib/errors.d.ts(4,59): error TS2304: Cannot find name 'ErrorOptions'.
node_modules/tedious/lib/errors.d.ts(14,59): error TS2304: Cannot find name 'ErrorOptions'.
shared/schema.ts(124,3): error TS2322: Type 'boolean' is not assignable to type 'never'.
shared/schema.ts(125,3): error TS2322: Type 'boolean' is not assignable to type 'never'.
shared/schema.ts(126,3): error TS2322: Type 'boolean' is not assignable to type 'never'.
shared/schema.ts(133,3): error TS2322: Type 'boolean' is not assignable to type 'never'.
shared/schema.ts(134,3): error TS2322: Type 'boolean' is not assignable to type 'never'.
shared/schema.ts(135,3): error TS2322: Type 'boolean' is not assignable to type 'never'.
shared/schema.ts(139,3): error TS2322: Type 'boolean' is not assignable to type 'never'.
shared/schema.ts(140,3): error TS2322: Type 'boolean' is not assignable to type 'never'.
shared/schema.ts(141,3): error TS2322: Type 'boolean' is not assignable to type 'never'.
shared/schema.ts(194,3): error TS2322: Type 'boolean' is not assignable to type 'never'.
shared/schema.ts(195,3): error TS2322: Type 'boolean' is not assignable to type 'never'.
shared/schema.ts(196,3): error TS2322: Type 'boolean' is not assignable to type 'never'.
shared/schema.ts(200,3): error TS2322: Type 'boolean' is not assignable to type 'never'.
shared/schema.ts(201,3): error TS2322: Type 'boolean' is not assignable to type 'never'.
shared/schema.ts(259,3): error TS2322: Type 'boolean' is not assignable to type 'never'.
shared/schema.ts(260,3): error TS2322: Type 'boolean' is not assignable to type 'never'.
shared/schema.ts(261,3): error TS2322: Type 'boolean' is not assignable to type 'never'.
shared/schema.ts(265,3): error TS2322: Type 'boolean' is not assignable to type 'never'.
shared/schema.ts(266,3): error TS2322: Type 'boolean' is not assignable to type 'never'.
shared/schema.ts(267,3): error TS2322: Type 'boolean' is not assignable to type 'never'.
‚úÖ Application built successfully
üì¶ Keeping all dependencies for Vite compatibility...
‚úÖ Dependencies preserved for production build
üîç Running configuration health check...
‚òÅÔ∏è Replit deployment detected - skipping FMB on-prem validation
‚ùå Missing basic environment variables: NODE_ENV
